* using log directory ‘/home/lei/Rpackages/pint/inst/extras/pint.Rcheck’
* using R version 3.3.1 (2016-06-21)
* using platform: x86_64-pc-linux-gnu (64-bit)
* using session charset: UTF-8
* using options ‘--no-build-vignettes --as-cran’
* checking for file ‘pint/DESCRIPTION’ ... OK
* checking extension type ... Package
* this is package ‘pint’ version ‘1.25.11’
* checking CRAN incoming feasibility ... NOTE
Maintainer: ‘Leo Lahti <leo.lahti@iki.fi>’

Package duplicated from https://bioconductor.org/packages/3.3/bioc

License components with restrictions and base license permitting such:
  BSD_2_clause + file LICENSE
File 'LICENSE':
  YEAR: 2008-2013
  COPYRIGHT HOLDER: Leo Lahti and Olli-Pekka Huovilainen

Found the following (possibly) invalid URLs:
  URL: http://cran.fhcrc.org/web/packages/dmt/index.html
    From: README.md
    Status: 200
    Message: OK
    CRAN URL not in canonical form
  URL: https://cran.r-project.org/package=pint
    From: DESCRIPTION
    Status: 404
    Message: Not Found
  A canonical CRAN URL starts with https://cran.r-project.org/

The Title field should be in title case, current version then in title case:
‘Pairwise INTegration of functional genomics data’
‘Pairwise INTegration of Functional Genomics Data’
* checking package namespace information ... OK
* checking package dependencies ... ERROR
Namespace dependency not required: ‘dmt’

See section ‘The DESCRIPTION file’ in the ‘Writing R Extensions’
manual.
* DONE
Status: 1 ERROR, 1 NOTE
